<!DOCTYPE html>
<html>
  <head>
    <meta charset="utf-8"/>
    <title>TestSuit_report.html</title>
    <link href="assets/style.css" rel="stylesheet" type="text/css"/></head>
  <body onLoad="init()">
    <script>/* This Source Code Form is subject to the terms of the Mozilla Public
 * License, v. 2.0. If a copy of the MPL was not distributed with this file,
 * You can obtain one at http://mozilla.org/MPL/2.0/. */


function toArray(iter) {
    if (iter === null) {
        return null;
    }
    return Array.prototype.slice.call(iter);
}

function find(selector, elem) { // eslint-disable-line no-redeclare
    if (!elem) {
        elem = document;
    }
    return elem.querySelector(selector);
}

function findAll(selector, elem) {
    if (!elem) {
        elem = document;
    }
    return toArray(elem.querySelectorAll(selector));
}

function sortColumn(elem) {
    toggleSortStates(elem);
    const colIndex = toArray(elem.parentNode.childNodes).indexOf(elem);
    let key;
    if (elem.classList.contains('result')) {
        key = keyResult;
    } else if (elem.classList.contains('links')) {
        key = keyLink;
    } else {
        key = keyAlpha;
    }
    sortTable(elem, key(colIndex));
}

function showAllExtras() { // eslint-disable-line no-unused-vars
    findAll('.col-result').forEach(showExtras);
}

function hideAllExtras() { // eslint-disable-line no-unused-vars
    findAll('.col-result').forEach(hideExtras);
}

function showExtras(colresultElem) {
    const extras = colresultElem.parentNode.nextElementSibling;
    const expandcollapse = colresultElem.firstElementChild;
    extras.classList.remove('collapsed');
    expandcollapse.classList.remove('expander');
    expandcollapse.classList.add('collapser');
}

function hideExtras(colresultElem) {
    const extras = colresultElem.parentNode.nextElementSibling;
    const expandcollapse = colresultElem.firstElementChild;
    extras.classList.add('collapsed');
    expandcollapse.classList.remove('collapser');
    expandcollapse.classList.add('expander');
}

function showFilters() {
    let visibleString = getQueryParameter('visible') || 'all';
    visibleString = visibleString.toLowerCase();
    const checkedItems = visibleString.split(',');

    const filterItems = document.getElementsByClassName('filter');
    for (let i = 0; i < filterItems.length; i++) {
        filterItems[i].hidden = false;

        if (visibleString != 'all') {
            filterItems[i].checked = checkedItems.includes(filterItems[i].getAttribute('data-test-result'));
            filterTable(filterItems[i]);
        }
    }
}

function addCollapse() {
    // Add links for show/hide all
    const resulttable = find('table#results-table');
    const showhideall = document.createElement('p');
    showhideall.innerHTML = '<a href="javascript:showAllExtras()">Show all details</a> / ' +
                            '<a href="javascript:hideAllExtras()">Hide all details</a>';
    resulttable.parentElement.insertBefore(showhideall, resulttable);

    // Add show/hide link to each result
    findAll('.col-result').forEach(function(elem) {
        const collapsed = getQueryParameter('collapsed') || 'Passed';
        const extras = elem.parentNode.nextElementSibling;
        const expandcollapse = document.createElement('span');
        if (extras.classList.contains('collapsed')) {
            expandcollapse.classList.add('expander');
        } else if (collapsed.includes(elem.innerHTML)) {
            extras.classList.add('collapsed');
            expandcollapse.classList.add('expander');
        } else {
            expandcollapse.classList.add('collapser');
        }
        elem.appendChild(expandcollapse);

        elem.addEventListener('click', function(event) {
            if (event.currentTarget.parentNode.nextElementSibling.classList.contains('collapsed')) {
                showExtras(event.currentTarget);
            } else {
                hideExtras(event.currentTarget);
            }
        });
    });
}

function getQueryParameter(name) {
    const match = RegExp('[?&]' + name + '=([^&]*)').exec(window.location.search);
    return match && decodeURIComponent(match[1].replace(/\+/g, ' '));
}

function init () { // eslint-disable-line no-unused-vars
    resetSortHeaders();

    addCollapse();

    showFilters();

    sortColumn(find('.initial-sort'));

    findAll('.sortable').forEach(function(elem) {
        elem.addEventListener('click',
            function() {
                sortColumn(elem);
            }, false);
    });
}

function sortTable(clicked, keyFunc) {
    const rows = findAll('.results-table-row');
    const reversed = !clicked.classList.contains('asc');
    const sortedRows = sort(rows, keyFunc, reversed);
    /* Whole table is removed here because browsers acts much slower
     * when appending existing elements.
     */
    const thead = document.getElementById('results-table-head');
    document.getElementById('results-table').remove();
    const parent = document.createElement('table');
    parent.id = 'results-table';
    parent.appendChild(thead);
    sortedRows.forEach(function(elem) {
        parent.appendChild(elem);
    });
    document.getElementsByTagName('BODY')[0].appendChild(parent);
}

function sort(items, keyFunc, reversed) {
    const sortArray = items.map(function(item, i) {
        return [keyFunc(item), i];
    });

    sortArray.sort(function(a, b) {
        const keyA = a[0];
        const keyB = b[0];

        if (keyA == keyB) return 0;

        if (reversed) {
            return keyA < keyB ? 1 : -1;
        } else {
            return keyA > keyB ? 1 : -1;
        }
    });

    return sortArray.map(function(item) {
        const index = item[1];
        return items[index];
    });
}

function keyAlpha(colIndex) {
    return function(elem) {
        return elem.childNodes[1].childNodes[colIndex].firstChild.data.toLowerCase();
    };
}

function keyLink(colIndex) {
    return function(elem) {
        const dataCell = elem.childNodes[1].childNodes[colIndex].firstChild;
        return dataCell == null ? '' : dataCell.innerText.toLowerCase();
    };
}

function keyResult(colIndex) {
    return function(elem) {
        const strings = ['Error', 'Failed', 'Rerun', 'XFailed', 'XPassed',
            'Skipped', 'Passed'];
        return strings.indexOf(elem.childNodes[1].childNodes[colIndex].firstChild.data);
    };
}

function resetSortHeaders() {
    findAll('.sort-icon').forEach(function(elem) {
        elem.parentNode.removeChild(elem);
    });
    findAll('.sortable').forEach(function(elem) {
        const icon = document.createElement('div');
        icon.className = 'sort-icon';
        icon.textContent = 'vvv';
        elem.insertBefore(icon, elem.firstChild);
        elem.classList.remove('desc', 'active');
        elem.classList.add('asc', 'inactive');
    });
}

function toggleSortStates(elem) {
    //if active, toggle between asc and desc
    if (elem.classList.contains('active')) {
        elem.classList.toggle('asc');
        elem.classList.toggle('desc');
    }

    //if inactive, reset all other functions and add ascending active
    if (elem.classList.contains('inactive')) {
        resetSortHeaders();
        elem.classList.remove('inactive');
        elem.classList.add('active');
    }
}

function isAllRowsHidden(value) {
    return value.hidden == false;
}

function filterTable(elem) { // eslint-disable-line no-unused-vars
    const outcomeAtt = 'data-test-result';
    const outcome = elem.getAttribute(outcomeAtt);
    const classOutcome = outcome + ' results-table-row';
    const outcomeRows = document.getElementsByClassName(classOutcome);

    for(let i = 0; i < outcomeRows.length; i++){
        outcomeRows[i].hidden = !elem.checked;
    }

    const rows = findAll('.results-table-row').filter(isAllRowsHidden);
    const allRowsHidden = rows.length == 0 ? true : false;
    const notFoundMessage = document.getElementById('not-found-message');
    notFoundMessage.hidden = !allRowsHidden;
}
</script>
    <h1>TestSuit_report.html</h1>
    <p>Report generated on 31-Mar-2025 at 12:26:11 by <a href="https://pypi.python.org/pypi/pytest-html">pytest-html</a> v3.2.0</p>
    <h2>Summary</h2>
    <p>6 tests ran in 265.15 seconds. </p>
    <p class="filter" hidden="true">(Un)check the boxes to filter the results.</p><input checked="true" class="filter" data-test-result="passed" hidden="true" name="filter_checkbox" onChange="filterTable(this)" type="checkbox"/><span class="passed">5 passed</span>, <input checked="true" class="filter" data-test-result="skipped" disabled="true" hidden="true" name="filter_checkbox" onChange="filterTable(this)" type="checkbox"/><span class="skipped">0 skipped</span>, <input checked="true" class="filter" data-test-result="failed" hidden="true" name="filter_checkbox" onChange="filterTable(this)" type="checkbox"/><span class="failed">1 failed</span>, <input checked="true" class="filter" data-test-result="error" disabled="true" hidden="true" name="filter_checkbox" onChange="filterTable(this)" type="checkbox"/><span class="error">0 errors</span>, <input checked="true" class="filter" data-test-result="xfailed" disabled="true" hidden="true" name="filter_checkbox" onChange="filterTable(this)" type="checkbox"/><span class="xfailed">0 expected failures</span>, <input checked="true" class="filter" data-test-result="xpassed" disabled="true" hidden="true" name="filter_checkbox" onChange="filterTable(this)" type="checkbox"/><span class="xpassed">0 unexpected passes</span>
    <h2>Results</h2>
    <table id="results-table">
      <thead id="results-table-head">
        <tr>
          <th class="sortable result initial-sort" col="result">Result</th>
          <th class="sortable" col="name">Test</th>
          <th class="sortable" col="duration">Duration</th>
          <th class="sortable links" col="links">Links</th></tr>
        <tr hidden="true" id="not-found-message">
          <th colspan="4">No results found. Try to check the filters</th></tr></thead>
      <tbody class="failed results-table-row">
        <tr>
          <td class="col-result">Failed</td>
          <td class="col-name">fluxo_assinatura/TestSuit.py::TestLogin::test_standard_com_asaas</td>
          <td class="col-duration">40.43</td>
          <td class="col-links"></td></tr>
        <tr>
          <td class="extra" colspan="4">
            <div class="log">[gw2] linux -- Python 3.11.4 /home/nicobico/NickArchives/venv/bin/python3<br/>[gw2] linux -- Python 3.11.4 /home/nicobico/NickArchives/venv/bin/python3[gw2] linux -- Python 3.11.4 /home/nicobico/NickArchives/venv/bin/python3<br/><br/>self = &lt;TestSuit.TestLogin testMethod=test_standard_com_asaas&gt;<br/><br/>    def setUp(self):<br/>        logger.debug(&quot;üõ†Ô∏è Configurando ambiente para o teste&quot;)<br/>    <br/>        # Configura as op√ß√µes do navegador Chrome<br/>        self.options = Options()<br/>        self.options.add_argument(&quot;--headless&quot;)<br/>        self.options.add_argument(&quot;--start-maximized&quot;)<br/>        self.service = Service(&quot;drivers/chromedriver&quot;)<br/>        self.driver = webdriver.Chrome(service=self.service, options=self.options)<br/>    <br/>        # Acessa a URL da plataforma<br/>        self.driver.get(&quot;https://platform.ecotx.dev/&quot;)<br/>    <br/>        # Inicializa as p√°ginas que ser√£o utilizadas nos testes<br/>        self.login_page = Pages.LoginPage(self.driver)<br/>        self.web_page = Pages.MainWebPage(self.driver)<br/>        self.backoffice = Pages.Backoffice(self.driver)<br/>        self.backoffice_criar_assinatura = Pages.BackofficeCriarAssinatura(self.driver)<br/>    <br/>        # Efetua login na plataforma<br/>        self.login_page.preencher_usuario(&quot;nicolas.o.rossoni@gmail.com&quot;)<br/>        self.login_page.preencher_senha(&quot;123456&quot;)<br/>        self.login_page.clicar_login()<br/>        self.login_page.aguardar_carregar()<br/>    <br/>        # Navega at√© a √°rea de cria√ß√£o de assinaturas no backoffice<br/>&gt;       self.web_page.trocar_org(&quot;Vigilant&quot;)<br/><br/>fluxo_assinatura/TestSuit.py:63: <br/>_ _ _ _ _ _ _ _ _ _ _ _ _ _ _ _ _ _ _ _ _ _ _ _ _ _ _ _ _ _ _ _ _ _ _ _ _ _ _ _ <br/>fluxo_assinatura/Pages.py:76: in trocar_org<br/>    aux.find_element(self.driver, self.org_button).click()<br/>../venv/lib/python3.11/site-packages/selenium/webdriver/remote/webelement.py:94: in click<br/>    self._execute(Command.CLICK_ELEMENT)<br/>../venv/lib/python3.11/site-packages/selenium/webdriver/remote/webelement.py:395: in _execute<br/>    return self._parent.execute(command, params)<br/>../venv/lib/python3.11/site-packages/selenium/webdriver/remote/webdriver.py:346: in execute<br/>    self.error_handler.check_response(response)<br/>_ _ _ _ _ _ _ _ _ _ _ _ _ _ _ _ _ _ _ _ _ _ _ _ _ _ _ _ _ _ _ _ _ _ _ _ _ _ _ _ <br/><br/>self = &lt;selenium.webdriver.remote.errorhandler.ErrorHandler object at 0x7f2cd12b0a10&gt;<br/>response = {&#x27;status&#x27;: 400, &#x27;value&#x27;: &#x27;{&quot;value&quot;:{&quot;error&quot;:&quot;element click intercepted&quot;,&quot;message&quot;:&quot;element click intercepted: Element ...\\n#20 0x5597b8d39eb6 \\u003Cunknown&gt;\\n#21 0x5597b8d49f16 \\u003Cunknown&gt;\\n#22 0x7f0392e8f6ba \\u003Cunknown&gt;\\n&quot;}}&#x27;}<br/><br/>    def check_response(self, response: Dict[str, Any]) -&gt; None:<br/>        &quot;&quot;&quot;Checks that a JSON response from the WebDriver does not have an<br/>        error.<br/>    <br/>        :Args:<br/>         - response - The JSON response from the WebDriver server as a dictionary<br/>           object.<br/>    <br/>        :Raises: If the response contains an error message.<br/>        &quot;&quot;&quot;<br/>        status = response.get(&quot;status&quot;, None)<br/>        if not status or status == ErrorCode.SUCCESS:<br/>            return<br/>        value = None<br/>        message = response.get(&quot;message&quot;, &quot;&quot;)<br/>        screen: str = response.get(&quot;screen&quot;, &quot;&quot;)<br/>        stacktrace = None<br/>        if isinstance(status, int):<br/>            value_json = response.get(&quot;value&quot;, None)<br/>            if value_json and isinstance(value_json, str):<br/>                import json<br/>    <br/>                try:<br/>                    value = json.loads(value_json)<br/>                    if len(value) == 1:<br/>                        value = value[&quot;value&quot;]<br/>                    status = value.get(&quot;error&quot;, None)<br/>                    if not status:<br/>                        status = value.get(&quot;status&quot;, ErrorCode.UNKNOWN_ERROR)<br/>                        message = value.get(&quot;value&quot;) or value.get(&quot;message&quot;)<br/>                        if not isinstance(message, str):<br/>                            value = message<br/>                            message = message.get(&quot;message&quot;)<br/>                    else:<br/>                        message = value.get(&quot;message&quot;, None)<br/>                except ValueError:<br/>                    pass<br/>    <br/>        exception_class: Type[WebDriverException]<br/>        if status in ErrorCode.NO_SUCH_ELEMENT:<br/>            exception_class = NoSuchElementException<br/>        elif status in ErrorCode.NO_SUCH_FRAME:<br/>            exception_class = NoSuchFrameException<br/>        elif status in ErrorCode.NO_SUCH_SHADOW_ROOT:<br/>            exception_class = NoSuchShadowRootException<br/>        elif status in ErrorCode.NO_SUCH_WINDOW:<br/>            exception_class = NoSuchWindowException<br/>        elif status in ErrorCode.STALE_ELEMENT_REFERENCE:<br/>            exception_class = StaleElementReferenceException<br/>        elif status in ErrorCode.ELEMENT_NOT_VISIBLE:<br/>            exception_class = ElementNotVisibleException<br/>        elif status in ErrorCode.INVALID_ELEMENT_STATE:<br/>            exception_class = InvalidElementStateException<br/>        elif (<br/>            status in ErrorCode.INVALID_SELECTOR<br/>            or status in ErrorCode.INVALID_XPATH_SELECTOR<br/>            or status in ErrorCode.INVALID_XPATH_SELECTOR_RETURN_TYPER<br/>        ):<br/>            exception_class = InvalidSelectorException<br/>        elif status in ErrorCode.ELEMENT_IS_NOT_SELECTABLE:<br/>            exception_class = ElementNotSelectableException<br/>        elif status in ErrorCode.ELEMENT_NOT_INTERACTABLE:<br/>            exception_class = ElementNotInteractableException<br/>        elif status in ErrorCode.INVALID_COOKIE_DOMAIN:<br/>            exception_class = InvalidCookieDomainException<br/>        elif status in ErrorCode.UNABLE_TO_SET_COOKIE:<br/>            exception_class = UnableToSetCookieException<br/>        elif status in ErrorCode.TIMEOUT:<br/>            exception_class = TimeoutException<br/>        elif status in ErrorCode.SCRIPT_TIMEOUT:<br/>            exception_class = TimeoutException<br/>        elif status in ErrorCode.UNKNOWN_ERROR:<br/>            exception_class = WebDriverException<br/>        elif status in ErrorCode.UNEXPECTED_ALERT_OPEN:<br/>            exception_class = UnexpectedAlertPresentException<br/>        elif status in ErrorCode.NO_ALERT_OPEN:<br/>            exception_class = NoAlertPresentException<br/>        elif status in ErrorCode.IME_NOT_AVAILABLE:<br/>            exception_class = ImeNotAvailableException<br/>        elif status in ErrorCode.IME_ENGINE_ACTIVATION_FAILED:<br/>            exception_class = ImeActivationFailedException<br/>        elif status in ErrorCode.MOVE_TARGET_OUT_OF_BOUNDS:<br/>            exception_class = MoveTargetOutOfBoundsException<br/>        elif status in ErrorCode.JAVASCRIPT_ERROR:<br/>            exception_class = JavascriptException<br/>        elif status in ErrorCode.SESSION_NOT_CREATED:<br/>            exception_class = SessionNotCreatedException<br/>        elif status in ErrorCode.INVALID_ARGUMENT:<br/>            exception_class = InvalidArgumentException<br/>        elif status in ErrorCode.NO_SUCH_COOKIE:<br/>            exception_class = NoSuchCookieException<br/>        elif status in ErrorCode.UNABLE_TO_CAPTURE_SCREEN:<br/>            exception_class = ScreenshotException<br/>        elif status in ErrorCode.ELEMENT_CLICK_INTERCEPTED:<br/>            exception_class = ElementClickInterceptedException<br/>        elif status in ErrorCode.INSECURE_CERTIFICATE:<br/>            exception_class = InsecureCertificateException<br/>        elif status in ErrorCode.INVALID_COORDINATES:<br/>            exception_class = InvalidCoordinatesException<br/>        elif status in ErrorCode.INVALID_SESSION_ID:<br/>            exception_class = InvalidSessionIdException<br/>        elif status in ErrorCode.UNKNOWN_METHOD:<br/>            exception_class = UnknownMethodException<br/>        else:<br/>            exception_class = WebDriverException<br/>        if not value:<br/>            value = response[&quot;value&quot;]<br/>        if isinstance(value, str):<br/>            raise exception_class(value)<br/>        if message == &quot;&quot; and &quot;message&quot; in value:<br/>            message = value[&quot;message&quot;]<br/>    <br/>        screen = None  # type: ignore[assignment]<br/>        if &quot;screen&quot; in value:<br/>            screen = value[&quot;screen&quot;]<br/>    <br/>        stacktrace = None<br/>        st_value = value.get(&quot;stackTrace&quot;) or value.get(&quot;stacktrace&quot;)<br/>        if st_value:<br/>            if isinstance(st_value, str):<br/>                stacktrace = st_value.split(&quot;\n&quot;)<br/>            else:<br/>                stacktrace = []<br/>                try:<br/>                    for frame in st_value:<br/>                        line = frame.get(&quot;lineNumber&quot;, &quot;&quot;)<br/>                        file = frame.get(&quot;fileName&quot;, &quot;&lt;anonymous&gt;&quot;)<br/>                        if line:<br/>                            file = f&quot;{file}:{line}&quot;<br/>                        meth = frame.get(&quot;methodName&quot;, &quot;&lt;anonymous&gt;&quot;)<br/>                        if &quot;className&quot; in frame:<br/>                            meth = f&quot;{frame[&#x27;className&#x27;]}.{meth}&quot;<br/>                        msg = &quot;    at %s (%s)&quot;<br/>                        msg = msg % (meth, file)<br/>                        stacktrace.append(msg)<br/>                except TypeError:<br/>                    pass<br/>        if exception_class == UnexpectedAlertPresentException:<br/>            alert_text = None<br/>            if &quot;data&quot; in value:<br/>                alert_text = value[&quot;data&quot;].get(&quot;text&quot;)<br/>            elif &quot;alert&quot; in value:<br/>                alert_text = value[&quot;alert&quot;].get(&quot;text&quot;)<br/>            raise exception_class(message, screen, stacktrace, alert_text)  # type: ignore[call-arg]  # mypy is not smart enough here<br/>&gt;       raise exception_class(message, screen, stacktrace)<br/><span class="error">E       selenium.common.exceptions.ElementClickInterceptedException: Message: element click intercepted: Element &lt;app-menu-item _ngcontent-rhk-c467=&quot;&quot; _nghost-rhk-c466=&quot;&quot; ng-reflect-is-collapsed=&quot;false&quot;&gt;...&lt;/app-menu-item&gt; is not clickable at point (120, 96). Other element would receive the click: &lt;div _ngcontent-rhk-c375=&quot;&quot; id=&quot;splash-screen&quot;&gt;...&lt;/div&gt;</span><br/><span class="error">E         (Session info: chrome=134.0.6998.165)</span><br/><span class="error">E       Stacktrace:</span><br/><span class="error">E       #0 0x5597b8d4b09a &lt;unknown&gt;</span><br/><span class="error">E       #1 0x5597b88128b0 &lt;unknown&gt;</span><br/><span class="error">E       #2 0x5597b886a95c &lt;unknown&gt;</span><br/><span class="error">E       #3 0x5597b88687c5 &lt;unknown&gt;</span><br/><span class="error">E       #4 0x5597b8865e62 &lt;unknown&gt;</span><br/><span class="error">E       #5 0x5597b8865560 &lt;unknown&gt;</span><br/><span class="error">E       #6 0x5597b8857b8d &lt;unknown&gt;</span><br/><span class="error">E       #7 0x5597b8889982 &lt;unknown&gt;</span><br/><span class="error">E       #8 0x5597b885750a &lt;unknown&gt;</span><br/><span class="error">E       #9 0x5597b8889b4e &lt;unknown&gt;</span><br/><span class="error">E       #10 0x5597b88afb8b &lt;unknown&gt;</span><br/><span class="error">E       #11 0x5597b8889753 &lt;unknown&gt;</span><br/><span class="error">E       #12 0x5597b885538e &lt;unknown&gt;</span><br/><span class="error">E       #13 0x5597b8856b51 &lt;unknown&gt;</span><br/><span class="error">E       #14 0x5597b8d1476b &lt;unknown&gt;</span><br/><span class="error">E       #15 0x5597b8d186f2 &lt;unknown&gt;</span><br/><span class="error">E       #16 0x5597b8d008fc &lt;unknown&gt;</span><br/><span class="error">E       #17 0x5597b8d192e4 &lt;unknown&gt;</span><br/><span class="error">E       #18 0x5597b8ce49cf &lt;unknown&gt;</span><br/><span class="error">E       #19 0x5597b8d39cd8 &lt;unknown&gt;</span><br/><span class="error">E       #20 0x5597b8d39eb6 &lt;unknown&gt;</span><br/><span class="error">E       #21 0x5597b8d49f16 &lt;unknown&gt;</span><br/><span class="error">E       #22 0x7f0392e8f6ba &lt;unknown&gt;</span><br/><br/>../venv/lib/python3.11/site-packages/selenium/webdriver/remote/errorhandler.py:245: ElementClickInterceptedException[gw2] linux -- Python 3.11.4 /home/nicobico/NickArchives/venv/bin/python3<br/> -------------------------------Captured log call-------------------------------- <br/>DEBUG    MeuLogger:TestSuit.py:38 üõ†Ô∏è Configurando ambiente para o teste
DEBUG    MeuLogger:Pages.py:55 ‚ÑπÔ∏è Login efetuado e ambiente Web carregado!<br/></div></td></tr></tbody>
      <tbody class="passed results-table-row">
        <tr>
          <td class="col-result">Passed</td>
          <td class="col-name">fluxo_assinatura/TestSuit.py::TestLogin::test_professional_com_asaas</td>
          <td class="col-duration">133.12</td>
          <td class="col-links"></td></tr>
        <tr>
          <td class="extra" colspan="4">
            <div class="log">[gw0] linux -- Python 3.11.4 /home/nicobico/NickArchives/venv/bin/python3<br/>[gw0] linux -- Python 3.11.4 /home/nicobico/NickArchives/venv/bin/python3[gw0] linux -- Python 3.11.4 /home/nicobico/NickArchives/venv/bin/python3[gw0] linux -- Python 3.11.4 /home/nicobico/NickArchives/venv/bin/python3<br/> -------------------------------Captured log call-------------------------------- <br/>DEBUG    MeuLogger:TestSuit.py:38 üõ†Ô∏è Configurando ambiente para o teste
DEBUG    MeuLogger:Pages.py:55 ‚ÑπÔ∏è Login efetuado e ambiente Web carregado!
DEBUG    MeuLogger:Pages.py:80 ‚ÑπÔ∏è Organiza√ß√£o trocada para: Vigilant.
DEBUG    MeuLogger:Pages.py:89 ‚ÑπÔ∏è Login efetuado e ambiente Web carregado!
DEBUG    MeuLogger:Pages.py:103 ‚ÑπÔ∏è Area trocada para: Backoffice.
DEBUG    MeuLogger:Pages.py:118 ‚ÑπÔ∏è Login efetuado e ambiente Backoffice carregado!
DEBUG    MeuLogger:Pages.py:133 ‚ÑπÔ∏è Area trocada para: Gerenciamento de Assinaturas.
DEBUG    MeuLogger:auxiliar.py:58 ‚ö†Ô∏è Tentativa 1: O elemento de texto Criar nova assinatura, n√£o apareceu na sele√ß√£o.
DEBUG    MeuLogger:Pages.py:138 ‚ÑπÔ∏è Sub-area trocada para: Criar nova assinatura.
DEBUG    MeuLogger:Pages.py:182 ‚ÑπÔ∏è Usu√°rio e Organiza√ß√£o selecionados.
DEBUG    MeuLogger:Pages.py:231 ‚ÑπÔ∏è Assinatura preenchida para o acesso &#x27;ecotx-level-2&#x27; com cobran√ßa no Asaas[True] e chave = 98.
INFO     MeuLogger:TestSuit.py:92 ‚úÖ Assinatura criada para o acesso &#x27;ecotx-level-2&#x27; com cobran√ßa no Asaas[True] e chave = 98.
DEBUG    MeuLogger:TestSuit.py:122 üîÑ Ambiente zerado ap√≥s o teste.<br/></div></td></tr></tbody>
      <tbody class="passed results-table-row">
        <tr>
          <td class="col-result">Passed</td>
          <td class="col-name">fluxo_assinatura/TestSuit.py::TestLogin::test_standard_sem_asaas</td>
          <td class="col-duration">263.00</td>
          <td class="col-links"></td></tr>
        <tr>
          <td class="extra" colspan="4">
            <div class="log">[gw3] linux -- Python 3.11.4 /home/nicobico/NickArchives/venv/bin/python3<br/>[gw3] linux -- Python 3.11.4 /home/nicobico/NickArchives/venv/bin/python3[gw3] linux -- Python 3.11.4 /home/nicobico/NickArchives/venv/bin/python3[gw3] linux -- Python 3.11.4 /home/nicobico/NickArchives/venv/bin/python3<br/> -------------------------------Captured log call-------------------------------- <br/>DEBUG    MeuLogger:TestSuit.py:38 üõ†Ô∏è Configurando ambiente para o teste
ERROR    MeuLogger:auxiliar.py:49 ‚ùå Erro: O elemento n√£o desapareceu dentro de 120 segundos. -&gt; Elemento:(&#x27;xpath&#x27;, &#x27;//*[@id=&quot;splash-screen&quot;]&#x27;)
DEBUG    MeuLogger:Pages.py:59 ‚ö†Ô∏è Tentativa 1: Recarregando a p√°gina...
DEBUG    MeuLogger:Pages.py:55 ‚ÑπÔ∏è Login efetuado e ambiente Web carregado!
DEBUG    MeuLogger:Pages.py:80 ‚ÑπÔ∏è Organiza√ß√£o trocada para: Vigilant.
DEBUG    MeuLogger:Pages.py:89 ‚ÑπÔ∏è Login efetuado e ambiente Web carregado!
DEBUG    MeuLogger:Pages.py:103 ‚ÑπÔ∏è Area trocada para: Backoffice.
DEBUG    MeuLogger:Pages.py:118 ‚ÑπÔ∏è Login efetuado e ambiente Backoffice carregado!
DEBUG    MeuLogger:Pages.py:133 ‚ÑπÔ∏è Area trocada para: Gerenciamento de Assinaturas.
DEBUG    MeuLogger:Pages.py:138 ‚ÑπÔ∏è Sub-area trocada para: Criar nova assinatura.
DEBUG    MeuLogger:Pages.py:182 ‚ÑπÔ∏è Usu√°rio e Organiza√ß√£o selecionados.
DEBUG    MeuLogger:Pages.py:231 ‚ÑπÔ∏è Assinatura preenchida para o acesso &#x27;ecotx-level-1&#x27; com cobran√ßa no Asaas[False] e chave = 18.
INFO     MeuLogger:TestSuit.py:92 ‚úÖ Assinatura criada para o acesso &#x27;ecotx-level-1&#x27; com cobran√ßa no Asaas[False] e chave = 18.
DEBUG    MeuLogger:TestSuit.py:122 üîÑ Ambiente zerado ap√≥s o teste.<br/></div></td></tr></tbody>
      <tbody class="passed results-table-row">
        <tr>
          <td class="col-result">Passed</td>
          <td class="col-name">fluxo_assinatura/TestSuit.py::TestLogin::test_venda_mais_com_asaas</td>
          <td class="col-duration">129.25</td>
          <td class="col-links"></td></tr>
        <tr>
          <td class="extra" colspan="4">
            <div class="log">[gw4] linux -- Python 3.11.4 /home/nicobico/NickArchives/venv/bin/python3<br/>[gw4] linux -- Python 3.11.4 /home/nicobico/NickArchives/venv/bin/python3[gw4] linux -- Python 3.11.4 /home/nicobico/NickArchives/venv/bin/python3[gw4] linux -- Python 3.11.4 /home/nicobico/NickArchives/venv/bin/python3<br/> -------------------------------Captured log call-------------------------------- <br/>DEBUG    MeuLogger:TestSuit.py:38 üõ†Ô∏è Configurando ambiente para o teste
DEBUG    MeuLogger:Pages.py:55 ‚ÑπÔ∏è Login efetuado e ambiente Web carregado!
DEBUG    MeuLogger:Pages.py:80 ‚ÑπÔ∏è Organiza√ß√£o trocada para: Vigilant.
DEBUG    MeuLogger:Pages.py:89 ‚ÑπÔ∏è Login efetuado e ambiente Web carregado!
DEBUG    MeuLogger:Pages.py:103 ‚ÑπÔ∏è Area trocada para: Backoffice.
DEBUG    MeuLogger:Pages.py:118 ‚ÑπÔ∏è Login efetuado e ambiente Backoffice carregado!
DEBUG    MeuLogger:Pages.py:133 ‚ÑπÔ∏è Area trocada para: Gerenciamento de Assinaturas.
DEBUG    MeuLogger:Pages.py:138 ‚ÑπÔ∏è Sub-area trocada para: Criar nova assinatura.
DEBUG    MeuLogger:Pages.py:182 ‚ÑπÔ∏è Usu√°rio e Organiza√ß√£o selecionados.
DEBUG    MeuLogger:Pages.py:231 ‚ÑπÔ∏è Assinatura preenchida para o acesso &#x27;ecotx-vendamais&#x27; com cobran√ßa no Asaas[True] e chave = 77.
INFO     MeuLogger:TestSuit.py:92 ‚úÖ Assinatura criada para o acesso &#x27;ecotx-vendamais&#x27; com cobran√ßa no Asaas[True] e chave = 77.
DEBUG    MeuLogger:TestSuit.py:122 üîÑ Ambiente zerado ap√≥s o teste.<br/></div></td></tr></tbody>
      <tbody class="passed results-table-row">
        <tr>
          <td class="col-result">Passed</td>
          <td class="col-name">fluxo_assinatura/TestSuit.py::TestLogin::test_professional_sem_asaas</td>
          <td class="col-duration">250.44</td>
          <td class="col-links"></td></tr>
        <tr>
          <td class="extra" colspan="4">
            <div class="log">[gw1] linux -- Python 3.11.4 /home/nicobico/NickArchives/venv/bin/python3<br/>[gw1] linux -- Python 3.11.4 /home/nicobico/NickArchives/venv/bin/python3[gw1] linux -- Python 3.11.4 /home/nicobico/NickArchives/venv/bin/python3[gw1] linux -- Python 3.11.4 /home/nicobico/NickArchives/venv/bin/python3<br/> -------------------------------Captured log call-------------------------------- <br/>DEBUG    MeuLogger:TestSuit.py:38 üõ†Ô∏è Configurando ambiente para o teste
DEBUG    MeuLogger:Pages.py:55 ‚ÑπÔ∏è Login efetuado e ambiente Web carregado!
DEBUG    MeuLogger:Pages.py:80 ‚ÑπÔ∏è Organiza√ß√£o trocada para: Vigilant.
ERROR    MeuLogger:auxiliar.py:49 ‚ùå Erro: O elemento n√£o desapareceu dentro de 120 segundos. -&gt; Elemento:(&#x27;xpath&#x27;, &#x27;//*[@id=&quot;splash-screen&quot;]&#x27;)
DEBUG    MeuLogger:Pages.py:93 ‚ö†Ô∏è Tentativa 1: Recarregando a p√°gina...
DEBUG    MeuLogger:Pages.py:89 ‚ÑπÔ∏è Login efetuado e ambiente Web carregado!
DEBUG    MeuLogger:Pages.py:103 ‚ÑπÔ∏è Area trocada para: Backoffice.
DEBUG    MeuLogger:Pages.py:118 ‚ÑπÔ∏è Login efetuado e ambiente Backoffice carregado!
DEBUG    MeuLogger:Pages.py:133 ‚ÑπÔ∏è Area trocada para: Gerenciamento de Assinaturas.
DEBUG    MeuLogger:Pages.py:138 ‚ÑπÔ∏è Sub-area trocada para: Criar nova assinatura.
DEBUG    MeuLogger:Pages.py:182 ‚ÑπÔ∏è Usu√°rio e Organiza√ß√£o selecionados.
DEBUG    MeuLogger:Pages.py:231 ‚ÑπÔ∏è Assinatura preenchida para o acesso &#x27;ecotx-level-2&#x27; com cobran√ßa no Asaas[False] e chave = 55.
INFO     MeuLogger:TestSuit.py:92 ‚úÖ Assinatura criada para o acesso &#x27;ecotx-level-2&#x27; com cobran√ßa no Asaas[False] e chave = 55.
DEBUG    MeuLogger:TestSuit.py:122 üîÑ Ambiente zerado ap√≥s o teste.<br/></div></td></tr></tbody>
      <tbody class="passed results-table-row">
        <tr>
          <td class="col-result">Passed</td>
          <td class="col-name">fluxo_assinatura/TestSuit.py::TestLogin::test_venda_mais_sem_asaas</td>
          <td class="col-duration">130.05</td>
          <td class="col-links"></td></tr>
        <tr>
          <td class="extra" colspan="4">
            <div class="log">[gw5] linux -- Python 3.11.4 /home/nicobico/NickArchives/venv/bin/python3<br/>[gw5] linux -- Python 3.11.4 /home/nicobico/NickArchives/venv/bin/python3[gw5] linux -- Python 3.11.4 /home/nicobico/NickArchives/venv/bin/python3[gw5] linux -- Python 3.11.4 /home/nicobico/NickArchives/venv/bin/python3<br/> -------------------------------Captured log call-------------------------------- <br/>DEBUG    MeuLogger:TestSuit.py:38 üõ†Ô∏è Configurando ambiente para o teste
DEBUG    MeuLogger:Pages.py:55 ‚ÑπÔ∏è Login efetuado e ambiente Web carregado!
DEBUG    MeuLogger:Pages.py:80 ‚ÑπÔ∏è Organiza√ß√£o trocada para: Vigilant.
DEBUG    MeuLogger:Pages.py:89 ‚ÑπÔ∏è Login efetuado e ambiente Web carregado!
DEBUG    MeuLogger:Pages.py:103 ‚ÑπÔ∏è Area trocada para: Backoffice.
DEBUG    MeuLogger:Pages.py:118 ‚ÑπÔ∏è Login efetuado e ambiente Backoffice carregado!
DEBUG    MeuLogger:Pages.py:133 ‚ÑπÔ∏è Area trocada para: Gerenciamento de Assinaturas.
DEBUG    MeuLogger:Pages.py:138 ‚ÑπÔ∏è Sub-area trocada para: Criar nova assinatura.
DEBUG    MeuLogger:Pages.py:182 ‚ÑπÔ∏è Usu√°rio e Organiza√ß√£o selecionados.
DEBUG    MeuLogger:Pages.py:231 ‚ÑπÔ∏è Assinatura preenchida para o acesso &#x27;ecotx-vendamais&#x27; com cobran√ßa no Asaas[False] e chave = 79.
INFO     MeuLogger:TestSuit.py:92 ‚úÖ Assinatura criada para o acesso &#x27;ecotx-vendamais&#x27; com cobran√ßa no Asaas[False] e chave = 79.
DEBUG    MeuLogger:TestSuit.py:122 üîÑ Ambiente zerado ap√≥s o teste.<br/></div></td></tr></tbody></table></body></html>